0 info it worked if it ends with ok
1 verbose cli [ '/usr/local/bin/node',
1 verbose cli   '/usr/local/bin/npm',
1 verbose cli   'run',
1 verbose cli   'build-win' ]
2 info using npm@3.10.3
3 info using node@v6.4.0
4 verbose run-script [ 'prebuild-win', 'build-win', 'postbuild-win' ]
5 info lifecycle hangouts@0.0.1~prebuild-win: hangouts@0.0.1
6 silly lifecycle hangouts@0.0.1~prebuild-win: no script for prebuild-win, continuing
7 info lifecycle hangouts@0.0.1~build-win: hangouts@0.0.1
8 verbose lifecycle hangouts@0.0.1~build-win: unsafe-perm in lifecycle true
9 verbose lifecycle hangouts@0.0.1~build-win: PATH: /usr/local/lib/node_modules/npm/bin/node-gyp-bin:/Users/allen/dev/hangouts/node_modules/.bin:/usr/local/bin:/usr/local/bin:/usr/bin:/bin:/usr/sbin:/sbin:/Library/Frameworks/Mono.framework/Versions/Current/Commands
10 verbose lifecycle hangouts@0.0.1~build-win: CWD: /Users/allen/dev/hangouts
11 silly lifecycle hangouts@0.0.1~build-win: Args: [ '-c',
11 silly lifecycle   'electron-packager --platform=win32 --arch=x64 --version=1.4.3 . Hangouts --ignore=node_modules/electron-*,node_modules/asar --icon ./images/mic.ico' ]
12 silly lifecycle hangouts@0.0.1~build-win: Returned: code: 1  signal: null
13 info lifecycle hangouts@0.0.1~build-win: Failed to exec build-win script
14 verbose stack Error: hangouts@0.0.1 build-win: `electron-packager --platform=win32 --arch=x64 --version=1.4.3 . Hangouts --ignore=node_modules/electron-*,node_modules/asar --icon ./images/mic.ico`
14 verbose stack Exit status 1
14 verbose stack     at EventEmitter.<anonymous> (/usr/local/lib/node_modules/npm/lib/utils/lifecycle.js:242:16)
14 verbose stack     at emitTwo (events.js:106:13)
14 verbose stack     at EventEmitter.emit (events.js:191:7)
14 verbose stack     at ChildProcess.<anonymous> (/usr/local/lib/node_modules/npm/lib/utils/spawn.js:40:14)
14 verbose stack     at emitTwo (events.js:106:13)
14 verbose stack     at ChildProcess.emit (events.js:191:7)
14 verbose stack     at maybeClose (internal/child_process.js:852:16)
14 verbose stack     at Process.ChildProcess._handle.onexit (internal/child_process.js:215:5)
15 verbose pkgid hangouts@0.0.1
16 verbose cwd /Users/allen/dev/hangouts
17 error Darwin 16.0.0
18 error argv "/usr/local/bin/node" "/usr/local/bin/npm" "run" "build-win"
19 error node v6.4.0
20 error npm  v3.10.3
21 error code ELIFECYCLE
22 error hangouts@0.0.1 build-win: `electron-packager --platform=win32 --arch=x64 --version=1.4.3 . Hangouts --ignore=node_modules/electron-*,node_modules/asar --icon ./images/mic.ico`
22 error Exit status 1
23 error Failed at the hangouts@0.0.1 build-win script 'electron-packager --platform=win32 --arch=x64 --version=1.4.3 . Hangouts --ignore=node_modules/electron-*,node_modules/asar --icon ./images/mic.ico'.
23 error Make sure you have the latest version of node.js and npm installed.
23 error If you do, this is most likely a problem with the hangouts package,
23 error not with npm itself.
23 error Tell the author that this fails on your system:
23 error     electron-packager --platform=win32 --arch=x64 --version=1.4.3 . Hangouts --ignore=node_modules/electron-*,node_modules/asar --icon ./images/mic.ico
23 error You can get information on how to open an issue for this project with:
23 error     npm bugs hangouts
23 error Or if that isn't available, you can get their info via:
23 error     npm owner ls hangouts
23 error There is likely additional logging output above.
24 verbose exit [ 1, true ]
